<?xml version="1.0" encoding="UTF-8"?>
<testng-results ignored="0" total="1" passed="1" failed="0" skipped="0">
  <reporter-output>
  </reporter-output>
  <suite started-at="2025-05-29T18:47:39 IST" name="Suite" finished-at="2025-05-29T18:47:39 IST" duration-ms="58">
    <groups>
    </groups>
    <test started-at="2025-05-29T18:47:39 IST" name="Test" finished-at="2025-05-29T18:47:39 IST" duration-ms="58">
      <class name="basicScript.fblogin">
        <test-method signature="fb1()[pri:0, instance:basicScript.fblogin@3ee37e5a]" started-at="2025-05-29T18:47:39 IST" name="fb1" finished-at="2025-05-29T18:47:39 IST" duration-ms="8" status="PASS">
          <reporter-output>
          </reporter-output>
        </test-method> <!-- fb1 -->
      </class> <!-- basicScript.fblogin -->
    </test> <!-- Test -->
  </suite> <!-- Suite -->
</testng-results>
