<?xml version="1.0" encoding="UTF-8"?>
<testng-results ignored="0" total="1" passed="1" failed="0" skipped="0">
  <reporter-output>
  </reporter-output>
  <suite started-at="2025-05-29T18:46:04 IST" name="Default suite" finished-at="2025-05-29T18:46:04 IST" duration-ms="84">
    <groups>
    </groups>
    <test started-at="2025-05-29T18:46:04 IST" name="Default test" finished-at="2025-05-29T18:46:04 IST" duration-ms="84">
      <class name="basicScript.fblogin">
        <test-method signature="fb1()[pri:0, instance:basicScript.fblogin@45099dd3]" started-at="2025-05-29T18:46:04 IST" name="fb1" finished-at="2025-05-29T18:46:04 IST" duration-ms="16" status="PASS">
          <reporter-output>
          </reporter-output>
        </test-method> <!-- fb1 -->
      </class> <!-- basicScript.fblogin -->
    </test> <!-- Default test -->
  </suite> <!-- Default suite -->
</testng-results>
